<?xml version="1.0" encoding="UTF-8"?>
<!-- Generated by org.testng.reporters.JUnitXMLReporter -->
<testsuite hostname="khichu" ignored="3" name="Default test" tests="1" failures="0" timestamp="27 Feb 2021 17:59:36 GMT" time="5.385" errors="0">
  <testcase name="verifyErrorMsgForForgetPasswordIncorrectUser" time="5.362" classname="com.automation.test.LoginTest"/>
  <testcase name="verifyLoginUnSuccessfulWithBlankCred" time="0.0" classname="com.automation.test.LoginTest">
    <ignored/>
  </testcase> <!-- verifyLoginUnSuccessfulWithBlankCred -->
  <testcase name="verifyLoginSuccessfulWithValidCred" time="0.0" classname="com.automation.test.LoginTest">
    <ignored/>
  </testcase> <!-- verifyLoginSuccessfulWithValidCred -->
  <testcase name="verifyLoginUnSuccessfulWithInValidCred" time="0.0" classname="com.automation.test.LoginTest">
    <ignored/>
  </testcase> <!-- verifyLoginUnSuccessfulWithInValidCred -->
</testsuite> <!-- Default test -->
