<?xml version="1.0" encoding="UTF-8"?>
<!-- Generated by org.testng.reporters.JUnitXMLReporter -->
<testsuite hostname="khichu" ignored="3" name="LoginTest" tests="1" failures="0" timestamp="27 Feb 2021 18:44:12 GMT" time="5.399" errors="0">
  <testcase name="verifyErrorMsgForForgetPasswordIncorrectUser" time="5.345" classname="com.automation.test.LoginTest"/>
  <testcase name="verifyLoginUnSuccessfulWithBlankCred" time="0.0" classname="com.automation.test.LoginTest">
    <ignored/>
  </testcase> <!-- verifyLoginUnSuccessfulWithBlankCred -->
  <testcase name="verifyLoginSuccessfulWithValidCred" time="0.0" classname="com.automation.test.LoginTest">
    <ignored/>
  </testcase> <!-- verifyLoginSuccessfulWithValidCred -->
  <testcase name="verifyLoginUnSuccessfulWithInValidCred" time="0.0" classname="com.automation.test.LoginTest">
    <ignored/>
  </testcase> <!-- verifyLoginUnSuccessfulWithInValidCred -->
</testsuite> <!-- LoginTest -->
